[debug] [2020-12-14T20:36:38.228Z] ----------------------------------------------------------------------
[debug] [2020-12-14T20:36:38.232Z] Command:       C:\Program Files\nodejs\node.exe C:\Users\Faabian\AppData\Roaming\npm\node_modules\firebase-tools\lib\bin\firebase.js init hosting
[debug] [2020-12-14T20:36:38.233Z] CLI Version:   8.19.0
[debug] [2020-12-14T20:36:38.233Z] Platform:      win32
[debug] [2020-12-14T20:36:38.233Z] Node Version:  v12.14.1
[debug] [2020-12-14T20:36:38.235Z] Time:          Mon Dec 14 2020 14:36:38 GMT-0600 (GMT-06:00)
[debug] [2020-12-14T20:36:38.236Z] ----------------------------------------------------------------------
[debug] [2020-12-14T20:36:38.236Z] 
[debug] [2020-12-14T20:36:38.240Z] >>> [apiv2][query] GET https://firebase-public.firebaseio.com/cli.json [none]
[debug] [2020-12-14T20:36:38.286Z] > command requires scopes: ["email","openid","https://www.googleapis.com/auth/cloudplatformprojects.readonly","https://www.googleapis.com/auth/firebase","https://www.googleapis.com/auth/cloud-platform"]
[debug] [2020-12-14T20:36:38.287Z] > authorizing via signed-in user
[info] 
     ######## #### ########  ######## ########     ###     ######  ########
     ##        ##  ##     ## ##       ##     ##  ##   ##  ##       ##
     ######    ##  ########  ######   ########  #########  ######  ######
     ##        ##  ##    ##  ##       ##     ## ##     ##       ## ##
     ##       #### ##     ## ######## ########  ##     ##  ######  ########

You're about to initialize a Firebase project in this directory:

  C:\Users\Faabian\Documents\Univeridad\SOA\Api2pasos\frontA\login

Before we get started, keep in mind:

  * You are initializing in an existing Firebase project directory

[debug] [2020-12-14T20:36:38.821Z] <<< [apiv2][status] GET https://firebase-public.firebaseio.com/cli.json 200
[debug] [2020-12-14T20:36:38.822Z] <<< [apiv2][body] GET https://firebase-public.firebaseio.com/cli.json {"cloudBuildErrorAfter":1594252800000,"cloudBuildWarnAfter":1590019200000,"defaultNode10After":1594252800000,"minVersion":"3.0.5","node8DeploysDisabledAfter":1613390400000,"node8RuntimeDisabledAfter":1615809600000,"node8WarnAfter":1600128000000}
